#
# A fatal error has been detected by the Java Runtime Environment:
#
#  EXCEPTION_ACCESS_VIOLATION (0xc0000005) at pc=0x000000005eda9535, pid=6916, tid=7780
#
# JRE version: Java(TM) SE Runtime Environment (8.0_20-b26) (build 1.8.0_20-b26)
# Java VM: Java HotSpot(TM) 64-Bit Server VM (25.20-b23 mixed mode windows-amd64 compressed oops)
# Problematic frame:
# V  [jvm.dll+0x119535]
#
# Failed to write core dump. Minidumps are not enabled by default on client versions of Windows
#
# If you would like to submit a bug report, please visit:
#   http://bugreport.sun.com/bugreport/crash.jsp
#

---------------  T H R E A D  ---------------

Current thread (0x000000001e2f9000):  JavaThread "JDWP Transport Listener: dt_socket" daemon [_thread_in_vm, id=7780, stack(0x000000001e8d0000,0x000000001e9d0000)]

siginfo: ExceptionCode=0xc0000005, reading address 0xffffffffffffffff

Registers:
RAX=0x000000001e9cf601, RBX=0x000000001e2f9000, RCX=0x7265746e496b6165, RDX=0x0000000000000000
RSP=0x000000001e9cf640, RBP=0x7265746e496b6165, RSI=0x000000001e9cf758, RDI=0x0000000002608a30
R8 =0x000000001e2f9000, R9 =0x0000000000008000, R10=0x0000000000000000, R11=0x000000001e40547f
R12=0x0000000000000000, R13=0x000000001e2f9f38, R14=0x0000000000000000, R15=0x0000000000000000
RIP=0x000000005eda9535, EFLAGS=0x0000000000010206

Top of Stack: (sp=0x000000001e9cf640)
0x000000001e9cf640:   000000001e2f9000 000000001e2f9000
0x000000001e9cf650:   000000001e9cf708 000000005efa655b
0x000000001e9cf660:   000000001e2f9000 000000005efc2dbd
0x000000001e9cf670:   0000000000000000 000000005fe39149
0x000000001e9cf680:   000000001e30efb8 000000005fe42912
0x000000001e9cf690:   000000001e2f9000 0000000000000000
0x000000001e9cf6a0:   0000000000000000 0000000000000000
0x000000001e9cf6b0:   7265746e496b6165 000000005fe41a09
0x000000001e9cf6c0:   000000001e9cf758 000000001e9cf730
0x000000001e9cf6d0:   0000000000000001 000000001e30efb8
0x000000001e9cf6e0:   7265746e496b6165 000000005fe253b3
0x000000001e9cf6f0:   000000001e9cf820 0000000000000001
0x000000001e9cf700:   0000000000000001 000000001e30efb8
0x000000001e9cf710:   00000000f000100a 0000000000000000
0x000000001e9cf720:   0000000000000000 0000000000000000
0x000000001e9cf730:   0000000000000001 000000005fe25571 

Instructions: (pc=0x000000005eda9535)
0x000000005eda9515:   cc cc cc cc cc cc cc cc cc cc cc 48 83 ec 28 48
0x000000005eda9525:   85 c9 75 07 33 c0 48 83 c4 28 c3 48 89 5c 24 20
0x000000005eda9535:   48 8b 19 48 85 db 74 20 48 83 fb 37 74 1a 48 8b
0x000000005eda9545:   13 48 8b cb ff 52 10 84 c0 74 0d 48 8b c3 48 8b 


Register to memory mapping:

RAX=0x000000001e9cf601 is pointing into the stack for thread: 0x000000001e2f9000
RBX=0x000000001e2f9000 is a thread
RCX=0x7265746e496b6165 is an unknown value
RDX=0x0000000000000000 is an unknown value
RSP=0x000000001e9cf640 is pointing into the stack for thread: 0x000000001e2f9000
RBP=0x7265746e496b6165 is an unknown value
RSI=0x000000001e9cf758 is pointing into the stack for thread: 0x000000001e2f9000
RDI=0x0000000002608a30 is an unknown value
R8 =0x000000001e2f9000 is a thread
R9 =0x0000000000008000 is an unknown value
R10=0x0000000000000000 is an unknown value
R11=0x000000001e40547f is an unknown value
R12=0x0000000000000000 is an unknown value
R13=0x000000001e2f9f38 is an unknown value
R14=0x0000000000000000 is an unknown value
R15=0x0000000000000000 is an unknown value


Stack: [0x000000001e8d0000,0x000000001e9d0000],  sp=0x000000001e9cf640,  free space=1021k
Native frames: (J=compiled Java code, j=interpreted, Vv=VM code, C=native code)
V  [jvm.dll+0x119535]
V  [jvm.dll+0x332dbd]
C  [jdwp.dll+0x21a09]
C  [jdwp.dll+0x53b3]
C  [jdwp.dll+0x5571]
C  [jdwp.dll+0xf09c]
C  [jdwp.dll+0x1f2c9]
C  [jdwp.dll+0x1f49e]
V  [jvm.dll+0x1aaa18]
V  [jvm.dll+0x22aac4]
V  [jvm.dll+0x283f5a]
C  [msvcr100.dll+0x21d9f]
C  [msvcr100.dll+0x21e3b]
C  [KERNEL32.DLL+0x13d2]
C  [ntdll.dll+0x15444]


---------------  P R O C E S S  ---------------

Java Threads: ( => current thread )
  0x000000001f748800 JavaThread "Thread-10" daemon [_thread_in_native, id=4260, stack(0x0000000020d50000,0x0000000020e50000)]
  0x000000001f721000 JavaThread "Scheduler-516699459" [_thread_blocked, id=8452, stack(0x0000000020850000,0x0000000020950000)]
  0x000000001f5e4000 JavaThread "org.eclipse.jetty.server.session.HashSessionManager@580a3802Timer" daemon [_thread_blocked, id=4052, stack(0x0000000020750000,0x0000000020850000)]
  0x000000001f5d9800 JavaThread "qtp1643384435-24" [_thread_in_native, id=9252, stack(0x0000000020650000,0x0000000020750000)]
  0x000000001f5d9000 JavaThread "qtp1643384435-23" [_thread_blocked, id=876, stack(0x0000000020550000,0x0000000020650000)]
  0x000000001f5d8000 JavaThread "qtp1643384435-22" [_thread_blocked, id=4180, stack(0x0000000020450000,0x0000000020550000)]
  0x000000001f5d7800 JavaThread "qtp1643384435-21-acceptor-0@55c77888-ServerConnector@5b009c40{HTTP/1.1,[http/1.1]}{0.0.0.0:4567}" [_thread_in_native, id=768, stack(0x0000000020350000,0x0000000020450000)]
  0x000000001f5d1000 JavaThread "qtp1643384435-20" [_thread_in_native, id=2880, stack(0x0000000020150000,0x0000000020250000)]
  0x000000001f5ce800 JavaThread "qtp1643384435-19" [_thread_blocked, id=5760, stack(0x0000000020050000,0x0000000020150000)]
  0x000000001f5ae800 JavaThread "qtp1643384435-18" [_thread_in_native, id=856, stack(0x000000001ff50000,0x0000000020050000)]
  0x000000001f599000 JavaThread "qtp1643384435-17" [_thread_in_native, id=6608, stack(0x000000001fe50000,0x000000001ff50000)]
  0x0000000002712800 JavaThread "DestroyJavaVM" [_thread_blocked, id=4744, stack(0x0000000002610000,0x0000000002710000)]
  0x000000001f55f000 JavaThread "Thread-0" [_thread_blocked, id=1496, stack(0x000000001fd50000,0x000000001fe50000)]
  0x000000001e38e800 JavaThread "Service Thread" daemon [_thread_blocked, id=5600, stack(0x000000001f350000,0x000000001f450000)]
  0x000000001e369000 JavaThread "C1 CompilerThread3" daemon [_thread_blocked, id=9512, stack(0x000000001f250000,0x000000001f350000)]
  0x000000001e35f000 JavaThread "C2 CompilerThread2" daemon [_thread_blocked, id=3432, stack(0x000000001f150000,0x000000001f250000)]
  0x000000001e316000 JavaThread "C2 CompilerThread1" daemon [_thread_blocked, id=4284, stack(0x000000001f050000,0x000000001f150000)]
  0x000000001e30c000 JavaThread "C2 CompilerThread0" daemon [_thread_blocked, id=8992, stack(0x000000001ef50000,0x000000001f050000)]
  0x000000001e2ff800 JavaThread "JDWP Command Reader" daemon [_thread_in_native, id=1588, stack(0x000000001ee50000,0x000000001ef50000)]
  0x000000001e2fc000 JavaThread "JDWP Event Helper Thread" daemon [_thread_blocked, id=9988, stack(0x000000001ed50000,0x000000001ee50000)]
=>0x000000001e2f9000 JavaThread "JDWP Transport Listener: dt_socket" daemon [_thread_in_vm, id=7780, stack(0x000000001e8d0000,0x000000001e9d0000)]
  0x000000001e2f3000 JavaThread "Attach Listener" daemon [_thread_blocked, id=240, stack(0x000000001e7c0000,0x000000001e8c0000)]
  0x000000001e2f2000 JavaThread "Signal Dispatcher" daemon [_thread_blocked, id=6472, stack(0x000000001e6c0000,0x000000001e7c0000)]
  0x0000000002809000 JavaThread "Finalizer" daemon [_thread_blocked, id=6140, stack(0x000000001e1b0000,0x000000001e2b0000)]
  0x0000000002802000 JavaThread "Reference Handler" daemon [_thread_blocked, id=4520, stack(0x000000001e0b0000,0x000000001e1b0000)]

Other Threads:
  0x000000001c2b8800 VMThread [stack: 0x000000001dfb0000,0x000000001e0b0000] [id=6388]
  0x000000001e393800 WatcherThread [stack: 0x000000001f450000,0x000000001f550000] [id=300]

VM state:not at safepoint (normal execution)

VM Mutex/Monitor currently owned by a thread: None

Heap:
 PSYoungGen      total 76288K, used 38165K [0x000000076af00000, 0x0000000770400000, 0x00000007c0000000)
  eden space 65536K, 58% used [0x000000076af00000,0x000000076d4457e8,0x000000076ef00000)
  from space 10752K, 0% used [0x000000076f980000,0x000000076f980000,0x0000000770400000)
  to   space 10752K, 0% used [0x000000076ef00000,0x000000076ef00000,0x000000076f980000)
 ParOldGen       total 175104K, used 0K [0x00000006c0c00000, 0x00000006cb700000, 0x000000076af00000)
  object space 175104K, 0% used [0x00000006c0c00000,0x00000006c0c00000,0x00000006cb700000)
 Metaspace       used 11312K, capacity 11440K, committed 11648K, reserved 1058816K
  class space    used 1330K, capacity 1372K, committed 1408K, reserved 1048576K

Card table byte_map: [0x0000000011bd0000,0x00000000123d0000] byte_map_base: 0x000000000e5ca000

Marking Bits: (ParMarkBitMap*) 0x000000005f46b460
 Begin Bits: [0x0000000013130000, 0x0000000017100000)
 End Bits:   [0x0000000017100000, 0x000000001b0d0000)

Polling page: 0x0000000000dc0000

CodeCache: size=245760Kb used=2859Kb max_used=2863Kb free=242900Kb
 bounds [0x0000000002810000, 0x0000000002ae0000, 0x0000000011810000]
 total_blobs=1005 nmethods=657 adapters=271
 compilation: enabled

Compilation events (10 events):
Event: 51.330 Thread 0x000000001e369000  658       3       java.nio.HeapByteBuffer::get (14 bytes)
Event: 51.330 Thread 0x000000001e369000 nmethod 658 0x0000000002ad8f50 code [0x0000000002ad90e0, 0x0000000002ad94e8]
Event: 51.330 Thread 0x000000001e369000  659       3       java.nio.Buffer::nextGetIndex (31 bytes)
Event: 51.330 Thread 0x000000001e369000 nmethod 659 0x0000000002ad96d0 code [0x0000000002ad9840, 0x0000000002ad9a68]
Event: 57.270 Thread 0x000000001e369000  660       1       java.util.HashMap$Node::getKey (5 bytes)
Event: 57.271 Thread 0x000000001e369000 nmethod 660 0x0000000002adc750 code [0x0000000002adc8a0, 0x0000000002adc9b0]
Event: 90.454 Thread 0x000000001e369000  661       1       java.util.concurrent.locks.AbstractQueuedSynchronizer::getState (5 bytes)
Event: 90.454 Thread 0x000000001e369000 nmethod 661 0x000000000291be50 code [0x000000000291bfa0, 0x000000000291c0b0]
Event: 120.528 Thread 0x000000001e369000  662       1       java.util.concurrent.atomic.AtomicInteger::get (5 bytes)
Event: 120.528 Thread 0x000000001e369000 nmethod 662 0x0000000002911fd0 code [0x0000000002912120, 0x0000000002912230]

GC Heap History (0 events):
No events

Deoptimization events (0 events):
No events

Internal exceptions (10 events):
Event: 55.564 Thread 0x000000001f5d9000 Exception <a 'java/security/PrivilegedActionException'> (0x000000076d341188) thrown at [D:\re\workspace\8-2-build-windows-amd64-cygwin\jdk8u20\1074\hotspot\src\share\vm\prims\jvm.cpp, line 1275]
Event: 55.569 Thread 0x000000001f5d9000 Exception <a 'java/security/PrivilegedActionException'> (0x000000076d34ad30) thrown at [D:\re\workspace\8-2-build-windows-amd64-cygwin\jdk8u20\1074\hotspot\src\share\vm\prims\jvm.cpp, line 1275]
Event: 55.571 Thread 0x000000001f5d9000 Exception <a 'java/security/PrivilegedActionException'> (0x000000076d351930) thrown at [D:\re\workspace\8-2-build-windows-amd64-cygwin\jdk8u20\1074\hotspot\src\share\vm\prims\jvm.cpp, line 1275]
Event: 55.573 Thread 0x000000001f5d9000 Exception <a 'java/security/PrivilegedActionException'> (0x000000076d359fe8) thrown at [D:\re\workspace\8-2-build-windows-amd64-cygwin\jdk8u20\1074\hotspot\src\share\vm\prims\jvm.cpp, line 1275]
Event: 55.575 Thread 0x000000001f5d9000 Exception <a 'java/security/PrivilegedActionException'> (0x000000076d366be8) thrown at [D:\re\workspace\8-2-build-windows-amd64-cygwin\jdk8u20\1074\hotspot\src\share\vm\prims\jvm.cpp, line 1275]
Event: 55.576 Thread 0x000000001f5d9000 Exception <a 'java/security/PrivilegedActionException'> (0x000000076d36ca70) thrown at [D:\re\workspace\8-2-build-windows-amd64-cygwin\jdk8u20\1074\hotspot\src\share\vm\prims\jvm.cpp, line 1275]
Event: 55.578 Thread 0x000000001f5d9000 Exception <a 'java/security/PrivilegedActionException'> (0x000000076d3728b8) thrown at [D:\re\workspace\8-2-build-windows-amd64-cygwin\jdk8u20\1074\hotspot\src\share\vm\prims\jvm.cpp, line 1275]
Event: 55.579 Thread 0x000000001f5d9000 Exception <a 'java/security/PrivilegedActionException'> (0x000000076d376f30) thrown at [D:\re\workspace\8-2-build-windows-amd64-cygwin\jdk8u20\1074\hotspot\src\share\vm\prims\jvm.cpp, line 1275]
Event: 55.582 Thread 0x000000001f5d9000 Exception <a 'java/security/PrivilegedActionException'> (0x000000076d37bba8) thrown at [D:\re\workspace\8-2-build-windows-amd64-cygwin\jdk8u20\1074\hotspot\src\share\vm\prims\jvm.cpp, line 1275]
Event: 55.584 Thread 0x000000001f5d9000 Exception <a 'java/security/PrivilegedActionException'> (0x000000076d380c28) thrown at [D:\re\workspace\8-2-build-windows-amd64-cygwin\jdk8u20\1074\hotspot\src\share\vm\prims\jvm.cpp, line 1275]

Events (10 events):
Event: 158.187 Executing VM operation: GetCurrentLocation
Event: 158.187 Executing VM operation: GetCurrentLocation done
Event: 158.187 Executing VM operation: EnterInterpOnlyMode
Event: 158.187 Executing VM operation: EnterInterpOnlyMode done
Event: 158.187 Executing VM operation: ChangeSingleStep
Event: 158.187 Executing VM operation: ChangeSingleStep done
Event: 158.187 Executing VM operation: ChangeSingleStep
Event: 158.187 Executing VM operation: ChangeSingleStep done
Event: 158.191 Executing VM operation: RedefineClasses
Event: 158.197 Executing VM operation: RedefineClasses done


Dynamic libraries:
0x00007ff6f8fd0000 - 0x00007ff6f9004000 	C:\Program Files\Java\jdk1.8.0_20\bin\javaw.exe
0x00007ffbdc6e0000 - 0x00007ffbdc88c000 	C:\Windows\SYSTEM32\ntdll.dll
0x00007ffbdace0000 - 0x00007ffbdae1e000 	C:\Windows\system32\KERNEL32.DLL
0x00007ffbd9bf0000 - 0x00007ffbd9d05000 	C:\Windows\system32\KERNELBASE.dll
0x00007ffbd83d0000 - 0x00007ffbd845e000 	C:\Windows\system32\apphelp.dll
0x00007ffbc5690000 - 0x00007ffbc56e3000 	C:\Windows\AppPatch\AppPatch64\AcGenral.DLL
0x00007ffbdab60000 - 0x00007ffbdac0a000 	C:\Windows\system32\msvcrt.dll
0x00007ffbd9650000 - 0x00007ffbd967e000 	C:\Windows\SYSTEM32\SspiCli.dll
0x00007ffbdaed0000 - 0x00007ffbdaf24000 	C:\Windows\system32\SHLWAPI.dll
0x00007ffbd9e50000 - 0x00007ffbd9fc7000 	C:\Windows\system32\USER32.dll
0x00007ffbda340000 - 0x00007ffbda4d4000 	C:\Windows\system32\ole32.dll
0x00007ffbdb160000 - 0x00007ffbdc678000 	C:\Windows\system32\SHELL32.dll
0x00007ffbd8dd0000 - 0x00007ffbd8df1000 	C:\Windows\SYSTEM32\USERENV.dll
0x00007ffbdae20000 - 0x00007ffbdaeca000 	C:\Windows\system32\ADVAPI32.dll
0x00007ffbd16c0000 - 0x00007ffbd16de000 	C:\Windows\SYSTEM32\MPR.dll
0x00007ffbda1f0000 - 0x00007ffbda331000 	C:\Windows\system32\RPCRT4.dll
0x00007ffbd9d60000 - 0x00007ffbd9db9000 	C:\Windows\SYSTEM32\sechost.dll
0x00007ffbda700000 - 0x00007ffbda911000 	C:\Windows\SYSTEM32\combase.dll
0x00007ffbda5a0000 - 0x00007ffbda6f1000 	C:\Windows\system32\GDI32.dll
0x00007ffbd9830000 - 0x00007ffbd9845000 	C:\Windows\SYSTEM32\profapi.dll
0x00007ffbd7da0000 - 0x00007ffbd7e52000 	C:\Windows\SYSTEM32\SHCORE.dll
0x00007ffbd9fd0000 - 0x00007ffbda006000 	C:\Windows\system32\IMM32.DLL
0x00007ffbdaff0000 - 0x00007ffbdb142000 	C:\Windows\system32\MSCTF.dll
0x00007ffbd7510000 - 0x00007ffbd778b000 	C:\Windows\WinSxS\amd64_microsoft.windows.common-controls_6595b64144ccf1df_6.0.9600.17784_none_624760d1ecb7236e\COMCTL32.dll
0x000000005fea0000 - 0x000000005ff72000 	C:\Program Files\Java\jdk1.8.0_20\jre\bin\msvcr100.dll
0x000000005ec90000 - 0x000000005f4e8000 	C:\Program Files\Java\jdk1.8.0_20\jre\bin\server\jvm.dll
0x00007ffbcc3c0000 - 0x00007ffbcc3c9000 	C:\Windows\SYSTEM32\WSOCK32.dll
0x00007ffbcc8d0000 - 0x00007ffbcc8f2000 	C:\Windows\SYSTEM32\WINMM.dll
0x00007ffbdab50000 - 0x00007ffbdab57000 	C:\Windows\system32\PSAPI.DLL
0x00007ffbdc680000 - 0x00007ffbdc6da000 	C:\Windows\system32\WS2_32.dll
0x00007ffbcc8a0000 - 0x00007ffbcc8ca000 	C:\Windows\SYSTEM32\WINMMBASE.dll
0x00007ffbdb150000 - 0x00007ffbdb159000 	C:\Windows\system32\NSI.dll
0x00007ffbd9d10000 - 0x00007ffbd9d5f000 	C:\Windows\SYSTEM32\cfgmgr32.dll
0x00007ffbd8640000 - 0x00007ffbd8668000 	C:\Windows\SYSTEM32\DEVOBJ.dll
0x000000005fe90000 - 0x000000005fe9f000 	C:\Program Files\Java\jdk1.8.0_20\jre\bin\verify.dll
0x000000005fe60000 - 0x000000005fe88000 	C:\Program Files\Java\jdk1.8.0_20\jre\bin\java.dll
0x000000005fe20000 - 0x000000005fe55000 	C:\Program Files\Java\jdk1.8.0_20\jre\bin\jdwp.dll
0x000000005fe10000 - 0x000000005fe18000 	C:\Program Files\Java\jdk1.8.0_20\jre\bin\npt.dll
0x000000005fdf0000 - 0x000000005fe06000 	C:\Program Files\Java\jdk1.8.0_20\jre\bin\zip.dll
0x000000005ec80000 - 0x000000005ec89000 	C:\Program Files\Java\jdk1.8.0_20\jre\bin\dt_socket.dll
0x00007ffbcc400000 - 0x00007ffbcc415000 	C:\Windows\system32\napinsp.dll
0x00007ffbcc3e0000 - 0x00007ffbcc3fa000 	C:\Windows\system32\pnrpnsp.dll
0x00007ffbd51b0000 - 0x00007ffbd51cb000 	C:\Windows\system32\NLAapi.dll
0x00007ffbd9040000 - 0x00007ffbd9099000 	C:\Windows\System32\mswsock.dll
0x00007ffbd8e40000 - 0x00007ffbd8ee4000 	C:\Windows\SYSTEM32\DNSAPI.dll
0x00007ffbcc3d0000 - 0x00007ffbcc3dd000 	C:\Windows\System32\winrnr.dll
0x00000000606f0000 - 0x0000000060716000 	C:\Program Files\Bonjour\mdnsNSP.dll
0x00007ffbd4a00000 - 0x00007ffbd4a2a000 	C:\Windows\SYSTEM32\Iphlpapi.DLL
0x00007ffbd49f0000 - 0x00007ffbd49fa000 	C:\Windows\SYSTEM32\WINNSI.DLL
0x00007ffbd3a40000 - 0x00007ffbd3aab000 	C:\Windows\System32\fwpuclnt.dll
0x00007ffbcbe20000 - 0x00007ffbcbe2a000 	C:\Windows\System32\rasadhlp.dll
0x000000005ec70000 - 0x000000005ec7d000 	C:\Program Files\Java\jdk1.8.0_20\jre\bin\management.dll
0x000000005ec50000 - 0x000000005ec6a000 	C:\Program Files\Java\jdk1.8.0_20\jre\bin\net.dll
0x000000005ec30000 - 0x000000005ec41000 	C:\Program Files\Java\jdk1.8.0_20\jre\bin\nio.dll
0x00007ffbd90a0000 - 0x00007ffbd90c0000 	C:\Windows\SYSTEM32\CRYPTSP.dll
0x00007ffbd8cc0000 - 0x00007ffbd8cf6000 	C:\Windows\system32\rsaenh.dll
0x00007ffbd92f0000 - 0x00007ffbd9316000 	C:\Windows\SYSTEM32\bcrypt.dll
0x00007ffbd9690000 - 0x00007ffbd96f3000 	C:\Windows\system32\bcryptprimitives.dll
0x00007ffbd9700000 - 0x00007ffbd970b000 	C:\Windows\SYSTEM32\CRYPTBASE.dll
0x000000005e0c0000 - 0x000000005e258000 	C:\Program Files\Java\jdk1.8.0_20\jre\bin\awt.dll
0x00007ffbdac10000 - 0x00007ffbdacd1000 	C:\Windows\system32\OLEAUT32.dll
0x00007ffbca2a0000 - 0x00007ffbca322000 	C:\Windows\SYSTEM32\WINSPOOL.DRV
0x00007ffbd1dc0000 - 0x00007ffbd1f49000 	C:\Windows\SYSTEM32\dbghelp.dll

VM Arguments:
jvm_args: -agentlib:jdwp=transport=dt_socket,suspend=y,address=localhost:65166 -Dfile.encoding=Cp1252 
java_command: Main
java_class_path (initial): C:\Users\Edmar\retaguarda\print\target\classes;C:\Program Files\Java\jdk1.8.0_20\jre\lib\plugin.jar;C:\Users\Edmar\.m2\repository\com\sparkjava\spark-core\2.2\spark-core-2.2.jar;C:\Users\Edmar\.m2\repository\org\slf4j\slf4j-api\1.7.12\slf4j-api-1.7.12.jar;C:\Users\Edmar\.m2\repository\javax\servlet\javax.servlet-api\3.1.0\javax.servlet-api-3.1.0.jar;C:\Users\Edmar\.m2\repository\org\eclipse\jetty\jetty-server\9.3.0.M2\jetty-server-9.3.0.M2.jar;C:\Users\Edmar\.m2\repository\org\eclipse\jetty\jetty-http\9.3.0.M2\jetty-http-9.3.0.M2.jar;C:\Users\Edmar\.m2\repository\org\eclipse\jetty\jetty-util\9.3.0.M2\jetty-util-9.3.0.M2.jar;C:\Users\Edmar\.m2\repository\org\eclipse\jetty\jetty-io\9.3.0.M2\jetty-io-9.3.0.M2.jar;C:\Users\Edmar\.m2\repository\com\fasterxml\jackson\core\jackson-databind\2.2.3\jackson-databind-2.2.3.jar;C:\Users\Edmar\.m2\repository\com\fasterxml\jackson\core\jackson-annotations\2.2.3\jackson-annotations-2.2.3.jar;C:\Users\Edmar\.m2\repository\com\fasterxml\jackson\core\jackson-core\2.2.3\jackson-core-2.2.3.jar
Launcher Type: SUN_STANDARD

Environment Variables:
JAVA_HOME=C:\Program Files\Java\jdk1.6.0_45
JRE_HOME=C:\Program Files\Java\jre6
PATH=C:\Program Files\Java\jdk1.8.0_20\jre\bin;C:/Program Files/Java/jre6/bin/server;C:/Program Files/Java/jre6/bin;C:/Program Files/Java/jre6/lib/amd64;C:\Program Files (x86)\NVIDIA Corporation\PhysX\Common;C:\ProgramData\Oracle\Java\javapath;C:\Windows\system32;C:\Windows;C:\Windows\System32\Wbem;C:\Windows\System32\WindowsPowerShell\v1.0\;C:\Program Files (x86)\ATI Technologies\ATI.ACE\Core-Static;C:\Program Files\MySQL\MySQL Server 5.6\bin;C:\Program Files (x86)\MySQL\MySQL Utilities 1.4.3\;C:\Program Files (x86)\MySQL\MySQL Utilities 1.4.3\Doctrine extensions for PHP\;C:\Program Files\nodejs\;C:\Program Files (x86)\Calibre2\;C:\Ruby21-x64\bin;C:\Program Files\TortoiseGit\bin;c:\Program Files (x86)\Microsoft SQL Server\110\Tools\Binn\ManagementStudio\;c:\Program Files (x86)\Microsoft SQL Server\110\Tools\Binn\;c:\Program Files (x86)\Microsoft SQL Server\110\DTS\Binn\;c:\Program Files\Microsoft SQL Server\110\Tools\Binn\;c:\Program Files\Microsoft SQL Server\110\DTS\Binn\;C:\Program Files (x86)\Windows Kits\8.0\Windows Performance Toolkit\;C:\Program Files\MongoDB 2.6 Standard\bin;C:\Program Files (x86)\Git\bin;C:\Program Files\TortoiseSVN\bin;C:\Users\Edmar\Downloads\darteditor-windows-x64\dart\dart-sdk\bin;C:\Users\Edmar\Downloads\darteditor-windows-x64\dart\dart-sdk\bin;C:\Program Files\apache-maven-3.3.1\bin;C:\Users\Edmar\AppData\Roaming\npm;C:\Users\Edmar\Downloads\eclipse-jee-luna-SR1a-win32-x86_64\eclipse;
USERNAME=Edmar
OS=Windows_NT
PROCESSOR_IDENTIFIER=AMD64 Family 21 Model 1 Stepping 2, AuthenticAMD



---------------  S Y S T E M  ---------------

OS: Windows 8.1 , 64 bit Build 9600 

CPU:total 8 (8 cores per cpu, 1 threads per core) family 21 model 1 stepping 2, cmov, cx8, fxsr, mmx, sse, sse2, sse3, ssse3, sse4.1, sse4.2, popcnt, avx, aes, clmul, mmxext, 3dnowpref, lzcnt, sse4a, tsc, tscinvbit, tscinv

Memory: 4k page, physical 16721240k(10694616k free), swap 19211608k(10368440k free)

vm_info: Java HotSpot(TM) 64-Bit Server VM (25.20-b23) for windows-amd64 JRE (1.8.0_20-b26), built on Jul 30 2014 13:51:23 by "java_re" with MS VC++ 10.0 (VS2010)

time: Thu Jun 04 18:33:41 2015
elapsed time: 158 seconds (0d 0h 2m 38s)

